-------------------------------------------------------------------------------
Test set: com.firstdemo.core.models.HomeBannerImplTest
-------------------------------------------------------------------------------
Tests run: 1, Failures: 0, Errors: 1, Skipped: 0, Time elapsed: 0.001 s <<< FAILURE! - in com.firstdemo.core.models.HomeBannerImplTest
com.firstdemo.core.models.HomeBannerImplTest  Time elapsed: 0.001 s  <<< ERROR!
java.lang.NoClassDefFoundError: Lcom/firstdemo/core/models/HomeBanner;
Caused by: java.lang.ClassNotFoundException: com.firstdemo.core.models.HomeBanner

